[
{
"Class": "FloatArrayParameter",
"compute": "phoebe01",
"context": "model",
"copy_for": {},
"dataset": "lc01",
"default_unit": "d",
"description": "Model (synthetic) times",
"kind": "lc",
"model": "latest",
"qualifier": "times",
"readonly": true,
"required_shape": [
null
],
"uniqueid": "yRCkGoxZWuKyyjAVqjiexskRRusByF",
"value": [
0.0,
0.002,
0.004,
0.006,
0.008,
0.01,
0.012,
0.014,
0.016,
0.018000000000000002,
0.02,
0.022,
0.024,
0.026000000000000002,
0.028,
0.03,
0.032,
0.034,
0.036000000000000004,
0.038,
0.04,
0.042,
0.044,
0.046,
0.048,
0.05,
0.052000000000000005,
0.054,
0.056,
0.058,
0.06,
0.062,
0.064,
0.066,
0.068,
0.07,
0.07200000000000001,
0.074,
0.076,
0.078,
0.08,
0.082,
0.084,
0.08600000000000001,
0.088,
0.09,
0.092,
0.094,
0.096,
0.098,
0.1,
0.10200000000000001,
0.10400000000000001,
0.106,
0.108,
0.11,
0.112,
0.114,
0.116,
0.11800000000000001,
0.12,
0.122,
0.124,
0.126,
0.128,
0.13,
0.132,
0.134,
0.136,
0.138,
0.14,
0.14200000000000002,
0.14400000000000002,
0.146,
0.148,
0.15,
0.152,
0.154,
0.156,
0.158,
0.16,
0.162,
0.164,
0.166,
0.168,
0.17,
0.17200000000000001,
0.17400000000000002,
0.176,
0.178,
0.18,
0.182,
0.184,
0.186,
0.188,
0.19,
0.192,
0.194,
0.196,
0.198,
0.2,
0.202,
0.20400000000000001,
0.20600000000000002,
0.20800000000000002,
0.21,
0.212,
0.214,
0.216,
0.218,
0.22,
0.222,
0.224,
0.226,
0.228,
0.23,
0.232,
0.234,
0.23600000000000002,
0.23800000000000002,
0.24,
0.242,
0.244,
0.246,
0.248,
0.25,
0.252,
0.254,
0.256,
0.258,
0.26,
0.262,
0.264,
0.266,
0.268,
0.27,
0.272,
0.274,
0.276,
0.278,
0.28,
0.28200000000000003,
0.28400000000000003,
0.28600000000000003,
0.28800000000000003,
0.29,
0.292,
0.294,
0.296,
0.298,
0.3,
0.302,
0.304,
0.306,
0.308,
0.31,
0.312,
0.314,
0.316,
0.318,
0.32,
0.322,
0.324,
0.326,
0.328,
0.33,
0.332,
0.334,
0.336,
0.338,
0.34,
0.342,
0.34400000000000003,
0.34600000000000003,
0.34800000000000003,
0.35000000000000003,
0.352,
0.354,
0.356,
0.358,
0.36,
0.362,
0.364,
0.366,
0.368,
0.37,
0.372,
0.374,
0.376,
0.378,
0.38,
0.382,
0.384,
0.386,
0.388,
0.39,
0.392,
0.394,
0.396,
0.398,
0.4,
0.402,
0.404,
0.406,
0.40800000000000003,
0.41000000000000003,
0.41200000000000003,
0.41400000000000003,
0.41600000000000004,
0.418,
0.42,
0.422,
0.424,
0.426,
0.428,
0.43,
0.432,
0.434,
0.436,
0.438,
0.44,
0.442,
0.444,
0.446,
0.448,
0.45,
0.452,
0.454,
0.456,
0.458,
0.46,
0.462,
0.464,
0.466,
0.468,
0.47000000000000003,
0.47200000000000003,
0.47400000000000003,
0.47600000000000003,
0.47800000000000004,
0.48,
0.482,
0.484,
0.486,
0.488,
0.49,
0.492,
0.494,
0.496,
0.498,
0.5,
0.502,
0.504,
0.506,
0.508,
0.51,
0.512,
0.514,
0.516,
0.518,
0.52,
0.522,
0.524,
0.526,
0.528,
0.53,
0.532,
0.534,
0.536,
0.538,
0.54,
0.542,
0.544,
0.546,
0.548,
0.55,
0.552,
0.554,
0.556,
0.558,
0.56,
0.562,
0.5640000000000001,
0.5660000000000001,
0.5680000000000001,
0.5700000000000001,
0.5720000000000001,
0.5740000000000001,
0.5760000000000001,
0.578,
0.58,
0.582,
0.584,
0.586,
0.588,
0.59,
0.592,
0.594,
0.596,
0.598,
0.6,
0.602,
0.604,
0.606,
0.608,
0.61,
0.612,
0.614,
0.616,
0.618,
0.62,
0.622,
0.624,
0.626,
0.628,
0.63,
0.632,
0.634,
0.636,
0.638,
0.64,
0.642,
0.644,
0.646,
0.648,
0.65,
0.652,
0.654,
0.656,
0.658,
0.66,
0.662,
0.664,
0.666,
0.668,
0.67,
0.672,
0.674,
0.676,
0.678,
0.68,
0.682,
0.684,
0.686,
0.6880000000000001,
0.6900000000000001,
0.6920000000000001,
0.6940000000000001,
0.6960000000000001,
0.6980000000000001,
0.7000000000000001,
0.7020000000000001,
0.704,
0.706,
0.708,
0.71,
0.712,
0.714,
0.716,
0.718,
0.72,
0.722,
0.724,
0.726,
0.728,
0.73,
0.732,
0.734,
0.736,
0.738,
0.74,
0.742,
0.744,
0.746,
0.748,
0.75,
0.752,
0.754,
0.756,
0.758,
0.76,
0.762,
0.764,
0.766,
0.768,
0.77,
0.772,
0.774,
0.776,
0.778,
0.78,
0.782,
0.784,
0.786,
0.788,
0.79,
0.792,
0.794,
0.796,
0.798,
0.8,
0.802,
0.804,
0.806,
0.808,
0.81,
0.812,
0.8140000000000001,
0.8160000000000001,
0.8180000000000001,
0.8200000000000001,
0.8220000000000001,
0.8240000000000001,
0.8260000000000001,
0.8280000000000001,
0.8300000000000001,
0.8320000000000001,
0.834,
0.836,
0.838,
0.84,
0.842,
0.844,
0.846,
0.848,
0.85,
0.852,
0.854,
0.856,
0.858,
0.86,
0.862,
0.864,
0.866,
0.868,
0.87,
0.872,
0.874,
0.876,
0.878,
0.88,
0.882,
0.884,
0.886,
0.888,
0.89,
0.892,
0.894,
0.896,
0.898,
0.9,
0.902,
0.904,
0.906,
0.908,
0.91,
0.912,
0.914,
0.916,
0.918,
0.92,
0.922,
0.924,
0.926,
0.928,
0.93,
0.932,
0.934,
0.936,
0.9380000000000001,
0.9400000000000001,
0.9420000000000001,
0.9440000000000001,
0.9460000000000001,
0.9480000000000001,
0.9500000000000001,
0.9520000000000001,
0.9540000000000001,
0.9560000000000001,
0.9580000000000001,
0.96,
0.962,
0.964,
0.966,
0.968,
0.97,
0.972,
0.974,
0.976,
0.978,
0.98,
0.982,
0.984,
0.986,
0.988,
0.99,
0.992,
0.994,
0.996,
0.998,
1.0
]
},
{
"Class": "FloatArrayParameter",
"compute": "phoebe01",
"context": "model",
"copy_for": {},
"dataset": "lc01",
"default_unit": "W / m2",
"description": "Model (synthetic) flux",
"kind": "lc",
"model": "latest",
"qualifier": "fluxes",
"readonly": true,
"uniqueid": "BZrPuEDbaUpYYJHltOfrRTDIiAnKtt",
"value": [
0.983040611436649,
1.0073959462410986,
1.0391633437367567,
1.0744908100408654,
1.1127821945843732,
1.152956533194547,
1.194413173160592,
1.2367582593751139,
1.2801006593272928,
1.3236886907065364,
1.3674641626388795,
1.411045284045848,
1.454427706035968,
1.4973240020039957,
1.5394471192790289,
1.5809695416787033,
1.62128668550955,
1.6603374644671194,
1.6979346552756132,
1.734179089998251,
1.7688819126884165,
1.801499662663132,
1.8321793152368746,
1.8605974552778,
1.8869214553099412,
1.9106160820631763,
1.9314828457546647,
1.9496577923275966,
1.964624307850038,
1.9761863958505939,
1.983818192618952,
1.9865319555010417,
1.9866312842653662,
1.987040070240789,
1.9873623986714442,
1.9876217923010635,
1.9877993243721321,
1.9879938525215026,
1.9881712803493912,
1.988326231919789,
1.9883464550853194,
1.9887100902953199,
1.988952202795044,
1.9894986113879918,
1.9896583004943011,
1.9900635735745884,
1.9903163234615324,
1.9905856793718137,
1.9908842633812711,
1.9912034141548076,
1.991464031380701,
1.9918567312508157,
1.9921452624832188,
1.9925571523837888,
1.9928446949594232,
1.993027903887818,
1.9933265708794512,
1.9936768075126372,
1.9939832443322933,
1.9943206779683849,
1.9945561359825363,
1.9949858038327917,
1.9953039079445483,
1.9955542933869992,
1.9956850115755813,
1.996162441315365,
1.9964636952044685,
1.9967860444107006,
1.9970372098396947,
1.997469401316376,
1.9976473155525352,
1.9981395489121023,
1.9983943988978716,
1.9986471971188422,
1.9990456943952317,
1.9993008599843571,
1.9994924495458077,
1.999882800222964,
2.0001426589626874,
2.000403028192665,
2.0006081667858657,
2.0008252625548497,
2.0010174857443825,
2.001550518800411,
2.0018607008832414,
2.0021446597934154,
2.002352048422754,
2.0026574939032233,
2.0029024835529388,
2.0032181405066036,
2.0034761707468647,
2.003588519644756,
2.0039598704531496,
2.004168696281492,
2.0045286157940763,
2.004729979137767,
2.0049225583673422,
2.00506101883065,
2.0052986374066397,
2.0055082116620033,
2.0057443853103156,
2.0059429905043507,
2.0061976676430273,
2.006283993491379,
2.0063422384156526,
2.0065615992776284,
2.0068418223048035,
2.006821715459286,
2.0070565361570845,
2.007242462272879,
2.0071964929198867,
2.007434706203323,
2.007547151654296,
2.0077250891654708,
2.0077767684670556,
2.0077967617276573,
2.0078263896515773,
2.0079472024846634,
2.008140621229002,
2.0082525168716105,
2.0083354637953477,
2.0083220206951142,
2.0082368898155134,
2.008190589432201,
2.0081515466741133,
2.007835231013376,
2.0082362721844107,
2.008332803984757,
2.0083100574531763,
2.008181480916939,
2.008180494460707,
2.0081085255552704,
2.0080453342405686,
2.0080417416235785,
2.007993900749493,
2.0078435130252665,
2.0077832307981383,
2.0077120439730507,
2.007595365541001,
2.007385722317406,
2.0073387041754707,
2.0072183028535453,
2.0070242891662744,
2.0068864821567627,
2.006711493391836,
2.0066233720462967,
2.006419056485887,
2.0062362766832584,
2.0060704405793497,
2.0058674888175494,
2.0057500162468487,
2.0056671206555237,
2.0054052493039443,
2.005176276450653,
2.0048919507557765,
2.0045967647466325,
2.0044914116613954,
2.004350163578432,
2.004014897826439,
2.0038963823754528,
2.00361897415748,
2.003334273488773,
2.0030112936152387,
2.0026696635672225,
2.0022693589547984,
2.0020455956753835,
2.0014419253889266,
2.00151767436318,
2.0013099379494683,
2.001057873720216,
2.0007818358132057,
2.0004750769261905,
2.000252206220651,
2.0000037038164393,
1.9997550687992975,
1.9995062384764746,
1.999136217961156,
1.998701343593873,
1.9984251546963547,
1.9979665245146732,
1.9977978163994825,
1.9974891466856783,
1.9970759994302014,
1.9968129524358489,
1.996400581028673,
1.9960204826936132,
1.995807898268988,
1.9955518450177867,
1.9951984407046919,
1.994978485680042,
1.9946587658859696,
1.9943182848800198,
1.9939228279698087,
1.9936801609491717,
1.9933710281642767,
1.9930387174745037,
1.9927258876070968,
1.9923779556273074,
1.9921216057345574,
1.991824619884981,
1.9915470386984773,
1.9911978253172518,
1.9908410568940433,
1.9906586422388448,
1.9904578887000783,
1.9900846742281475,
1.989683384160379,
1.9894343917236625,
1.9891113160157086,
1.9887367692712608,
1.98853338669291,
1.9882800828578222,
1.988093790871607,
1.9879203577813838,
1.987652859320372,
1.9873798885676266,
1.9872099887728332,
1.9869368747871208,
1.9867117080492194,
1.9866275036515495,
1.9838737734473728,
1.975935699878459,
1.9645208124805673,
1.9494503305356363,
1.9315717422082037,
1.9105069599355662,
1.8867910288098833,
1.8605716294493124,
1.8321979384980784,
1.8015176881393844,
1.7687545688165727,
1.734236470914565,
1.6980277887815463,
1.6603009080960605,
1.6211537308890982,
1.5807481208028775,
1.5394589553171687,
1.497324668746554,
1.4544289099537326,
1.4110449575828599,
1.3673857479769067,
1.3234355145242125,
1.2799483170368322,
1.2368798736135913,
1.1944317202477168,
1.1529379639724189,
1.1128301663854934,
1.074643499078794,
1.0390855240767123,
1.0074140684161335,
0.9830406114336796,
1.0073959462485498,
1.039163343715482,
1.074490810046491,
1.112782194595393,
1.1529565331793983,
1.1944131731605918,
1.236758259385399,
1.2801006593197182,
1.3236886907374648,
1.3674641626299382,
1.4110452840692733,
1.4544277060314106,
1.4973240020266545,
1.5394471192802783,
1.5809695416787033,
1.6212866855081263,
1.6603374644615372,
1.697934655290671,
1.7341790900150884,
1.7688819126884168,
1.8014996626437711,
1.832179315221811,
1.860597455263282,
1.886921455298334,
1.910616082061964,
1.9314828457579745,
1.949657792325811,
1.964624307850038,
1.9761863958511525,
1.9838181926170735,
1.9865319555010417,
1.986631284265366,
1.987040070240789,
1.9873623986714442,
1.9876217923010635,
1.9877993243721321,
1.9879938525215026,
1.9881712803493912,
1.988326231919789,
1.9883464550853194,
1.9887100902953194,
1.988952202795044,
1.9894986113879918,
1.9896583004943011,
1.9900635735745884,
1.9903163234615324,
1.9905856793718137,
1.9908842633812711,
1.991203414154808,
1.9914640313807008,
1.991856731250816,
1.992145262483219,
1.9925571523837886,
1.9928446949594232,
1.993027903887818,
1.9933265708794512,
1.9936768075126379,
1.9939832443322933,
1.9943206779683842,
1.9945561359825363,
1.9949858038327917,
1.9953039079445483,
1.9955542933869987,
1.995685011575581,
1.996162441315365,
1.9964636952044685,
1.9967860444107006,
1.9970372098396947,
1.9974694013163758,
1.997647315552535,
1.9981395489121023,
1.9983943988978716,
1.9986471971188418,
1.9990456943952317,
1.9993008599843571,
1.999492449545807,
1.9998828002229645,
2.000142658962688,
2.000403028192665,
2.000608166785866,
2.0008252625548497,
2.001017485744382,
2.001550518800411,
2.0018607008832414,
2.0021446597934154,
2.0023520484227535,
2.0026574939032233,
2.0029024835529388,
2.003218140506603,
2.0034761707468642,
2.0035885196447563,
2.0039598704531496,
2.004168696281492,
2.0045286157940763,
2.0047299791377666,
2.0049225583673427,
2.00506101883065,
2.0052986374066397,
2.0055082116620033,
2.0057443853103156,
2.005942990504351,
2.006197667643027,
2.006283993491379,
2.0063422384156526,
2.006561599277629,
2.0068418223048035,
2.006821715459286,
2.0070565361570845,
2.007242462272879,
2.007196492919887,
2.007434706203323,
2.007547151654296,
2.0077250891654708,
2.007776768467055,
2.0077967617276573,
2.0078263896515764,
2.0079472024846625,
2.008140621229002,
2.008252516871611,
2.0083354637953477,
2.0083220206951142,
2.0082368898155134,
2.008190589432201,
2.0081515466741138,
2.0078352310133765,
2.0082362721844107,
2.008332803984757,
2.008310057453176,
2.008181480916939,
2.008180494460707,
2.0081085255552704,
2.008045334240569,
2.008041741623578,
2.0079939007494936,
2.007843513025267,
2.0077832307981383,
2.0077120439730507,
2.007595365541001,
2.007385722317406,
2.0073387041754707,
2.0072183028535453,
2.0070242891662744,
2.0068864821567627,
2.006711493391836,
2.0066233720462967,
2.0064190564858864,
2.006236276683259,
2.0060704405793497,
2.0058674888175494,
2.0057500162468487,
2.005667120655524,
2.0054052493039447,
2.005176276450653,
2.0048919507557765,
2.004596764746633,
2.004491411661395,
2.0043501635784327,
2.004014897826439,
2.0038963823754528,
2.00361897415748,
2.003334273488773,
2.003011293615238,
2.0026696635672225,
2.0022693589547984,
2.0020455956753835,
2.001441925388926,
2.00151767436318,
2.0013099379494683,
2.0010578737202156,
2.0007818358132057,
2.0004750769261896,
2.0002522062206514,
2.0000037038164398,
1.9997550687992975,
1.9995062384764746,
1.999136217961156,
1.998701343593873,
1.998425154696355,
1.9979665245146732,
1.9977978163994827,
1.9974891466856781,
1.9970759994302014,
1.9968129524358489,
1.9964005810286733,
1.9960204826936132,
1.995807898268988,
1.9955518450177867,
1.9951984407046917,
1.994978485680042,
1.9946587658859691,
1.9943182848800198,
1.9939228279698087,
1.9936801609491717,
1.993371028164277,
1.9930387174745035,
1.9927258876070968,
1.9923779556273074,
1.9921216057345577,
1.9918246198849805,
1.9915470386984773,
1.9911978253172518,
1.9908410568940433,
1.9906586422388448,
1.9904578887000783,
1.9900846742281473,
1.9896833841603794,
1.9894343917236625,
1.9891113160157088,
1.9887367692712608,
1.98853338669291,
1.9882800828578222,
1.9880937908716072,
1.987920357781384,
1.987652859320372,
1.9873798885676266,
1.9872099887728332,
1.9869368747871212,
1.9867117080492194,
1.9866275036515497,
1.9838737734473728,
1.9759356998718887,
1.9645208124805675,
1.9494503305356365,
1.9315717421883039,
1.910506959882249,
1.886791028816853,
1.8605716294491632,
1.8321979384647842,
1.8015176881393837,
1.7687545688165727,
1.7342364709094902,
1.6980277887811543,
1.6603009081165268,
1.6211537308706083,
1.5807481207468521,
1.5394589553270817,
1.4973246687176103,
1.4544289099663916,
1.4110449575661632,
1.3673857479896756,
1.3234355145202812,
1.279948317044896,
1.2368798736262931,
1.1944317202435384,
1.1529379639724988,
1.1128301663893596,
1.0746434990741602,
1.0390855240518349,
1.0074140684079835,
0.983040611436649
]
},
{
"Class": "StringParameter",
"compute": "phoebe01",
"context": "model",
"copy_for": false,
"description": "User-provided comments for this model.  Feel free to place any notes here.",
"model": "latest",
"qualifier": "comments",
"uniqueid": "PwsiDUHqQosNEXlBDSmcUDjNcZqcBK",
"value": ""
}
]