[
{
"Class": "FloatArrayParameter",
"compute": "phoebe01",
"context": "model",
"copy_for": {},
"dataset": "lc01",
"default_unit": "d",
"description": "Model (synthetic) times",
"kind": "lc",
"model": "latest",
"qualifier": "times",
"readonly": true,
"required_shape": [
null
],
"uniqueid": "ShvpSfCdHpoNrBAisYAdbrKeNqJoDE",
"value": [
0.0,
0.002,
0.004,
0.006,
0.008,
0.01,
0.012,
0.014,
0.016,
0.018000000000000002,
0.02,
0.022,
0.024,
0.026000000000000002,
0.028,
0.03,
0.032,
0.034,
0.036000000000000004,
0.038,
0.04,
0.042,
0.044,
0.046,
0.048,
0.05,
0.052000000000000005,
0.054,
0.056,
0.058,
0.06,
0.062,
0.064,
0.066,
0.068,
0.07,
0.07200000000000001,
0.074,
0.076,
0.078,
0.08,
0.082,
0.084,
0.08600000000000001,
0.088,
0.09,
0.092,
0.094,
0.096,
0.098,
0.1,
0.10200000000000001,
0.10400000000000001,
0.106,
0.108,
0.11,
0.112,
0.114,
0.116,
0.11800000000000001,
0.12,
0.122,
0.124,
0.126,
0.128,
0.13,
0.132,
0.134,
0.136,
0.138,
0.14,
0.14200000000000002,
0.14400000000000002,
0.146,
0.148,
0.15,
0.152,
0.154,
0.156,
0.158,
0.16,
0.162,
0.164,
0.166,
0.168,
0.17,
0.17200000000000001,
0.17400000000000002,
0.176,
0.178,
0.18,
0.182,
0.184,
0.186,
0.188,
0.19,
0.192,
0.194,
0.196,
0.198,
0.2,
0.202,
0.20400000000000001,
0.20600000000000002,
0.20800000000000002,
0.21,
0.212,
0.214,
0.216,
0.218,
0.22,
0.222,
0.224,
0.226,
0.228,
0.23,
0.232,
0.234,
0.23600000000000002,
0.23800000000000002,
0.24,
0.242,
0.244,
0.246,
0.248,
0.25,
0.252,
0.254,
0.256,
0.258,
0.26,
0.262,
0.264,
0.266,
0.268,
0.27,
0.272,
0.274,
0.276,
0.278,
0.28,
0.28200000000000003,
0.28400000000000003,
0.28600000000000003,
0.28800000000000003,
0.29,
0.292,
0.294,
0.296,
0.298,
0.3,
0.302,
0.304,
0.306,
0.308,
0.31,
0.312,
0.314,
0.316,
0.318,
0.32,
0.322,
0.324,
0.326,
0.328,
0.33,
0.332,
0.334,
0.336,
0.338,
0.34,
0.342,
0.34400000000000003,
0.34600000000000003,
0.34800000000000003,
0.35000000000000003,
0.352,
0.354,
0.356,
0.358,
0.36,
0.362,
0.364,
0.366,
0.368,
0.37,
0.372,
0.374,
0.376,
0.378,
0.38,
0.382,
0.384,
0.386,
0.388,
0.39,
0.392,
0.394,
0.396,
0.398,
0.4,
0.402,
0.404,
0.406,
0.40800000000000003,
0.41000000000000003,
0.41200000000000003,
0.41400000000000003,
0.41600000000000004,
0.418,
0.42,
0.422,
0.424,
0.426,
0.428,
0.43,
0.432,
0.434,
0.436,
0.438,
0.44,
0.442,
0.444,
0.446,
0.448,
0.45,
0.452,
0.454,
0.456,
0.458,
0.46,
0.462,
0.464,
0.466,
0.468,
0.47000000000000003,
0.47200000000000003,
0.47400000000000003,
0.47600000000000003,
0.47800000000000004,
0.48,
0.482,
0.484,
0.486,
0.488,
0.49,
0.492,
0.494,
0.496,
0.498,
0.5,
0.502,
0.504,
0.506,
0.508,
0.51,
0.512,
0.514,
0.516,
0.518,
0.52,
0.522,
0.524,
0.526,
0.528,
0.53,
0.532,
0.534,
0.536,
0.538,
0.54,
0.542,
0.544,
0.546,
0.548,
0.55,
0.552,
0.554,
0.556,
0.558,
0.56,
0.562,
0.5640000000000001,
0.5660000000000001,
0.5680000000000001,
0.5700000000000001,
0.5720000000000001,
0.5740000000000001,
0.5760000000000001,
0.578,
0.58,
0.582,
0.584,
0.586,
0.588,
0.59,
0.592,
0.594,
0.596,
0.598,
0.6,
0.602,
0.604,
0.606,
0.608,
0.61,
0.612,
0.614,
0.616,
0.618,
0.62,
0.622,
0.624,
0.626,
0.628,
0.63,
0.632,
0.634,
0.636,
0.638,
0.64,
0.642,
0.644,
0.646,
0.648,
0.65,
0.652,
0.654,
0.656,
0.658,
0.66,
0.662,
0.664,
0.666,
0.668,
0.67,
0.672,
0.674,
0.676,
0.678,
0.68,
0.682,
0.684,
0.686,
0.6880000000000001,
0.6900000000000001,
0.6920000000000001,
0.6940000000000001,
0.6960000000000001,
0.6980000000000001,
0.7000000000000001,
0.7020000000000001,
0.704,
0.706,
0.708,
0.71,
0.712,
0.714,
0.716,
0.718,
0.72,
0.722,
0.724,
0.726,
0.728,
0.73,
0.732,
0.734,
0.736,
0.738,
0.74,
0.742,
0.744,
0.746,
0.748,
0.75,
0.752,
0.754,
0.756,
0.758,
0.76,
0.762,
0.764,
0.766,
0.768,
0.77,
0.772,
0.774,
0.776,
0.778,
0.78,
0.782,
0.784,
0.786,
0.788,
0.79,
0.792,
0.794,
0.796,
0.798,
0.8,
0.802,
0.804,
0.806,
0.808,
0.81,
0.812,
0.8140000000000001,
0.8160000000000001,
0.8180000000000001,
0.8200000000000001,
0.8220000000000001,
0.8240000000000001,
0.8260000000000001,
0.8280000000000001,
0.8300000000000001,
0.8320000000000001,
0.834,
0.836,
0.838,
0.84,
0.842,
0.844,
0.846,
0.848,
0.85,
0.852,
0.854,
0.856,
0.858,
0.86,
0.862,
0.864,
0.866,
0.868,
0.87,
0.872,
0.874,
0.876,
0.878,
0.88,
0.882,
0.884,
0.886,
0.888,
0.89,
0.892,
0.894,
0.896,
0.898,
0.9,
0.902,
0.904,
0.906,
0.908,
0.91,
0.912,
0.914,
0.916,
0.918,
0.92,
0.922,
0.924,
0.926,
0.928,
0.93,
0.932,
0.934,
0.936,
0.9380000000000001,
0.9400000000000001,
0.9420000000000001,
0.9440000000000001,
0.9460000000000001,
0.9480000000000001,
0.9500000000000001,
0.9520000000000001,
0.9540000000000001,
0.9560000000000001,
0.9580000000000001,
0.96,
0.962,
0.964,
0.966,
0.968,
0.97,
0.972,
0.974,
0.976,
0.978,
0.98,
0.982,
0.984,
0.986,
0.988,
0.99,
0.992,
0.994,
0.996,
0.998,
1.0
]
},
{
"Class": "FloatArrayParameter",
"compute": "phoebe01",
"context": "model",
"copy_for": {},
"dataset": "lc01",
"default_unit": "W / m2",
"description": "Model (synthetic) flux",
"kind": "lc",
"model": "latest",
"qualifier": "fluxes",
"readonly": true,
"uniqueid": "KLEulMapGItGUXwnGlIEgVxtfRYyJt",
"value": [
0.983040611436649,
1.0073959462410986,
1.0391633437367567,
1.0744908100408654,
1.1127821945843732,
1.152956533194547,
1.194413173160592,
1.2367582593751139,
1.2801006593272928,
1.3236886907065364,
1.3674641626388795,
1.411045284045848,
1.454427706035968,
1.4973240020039957,
1.5394471192790289,
1.5809695416787033,
1.62128668550955,
1.6603374644671194,
1.6979346552756132,
1.734179089998251,
1.7688819126884165,
1.801499662663132,
1.8321793152368746,
1.8605974552778,
1.8869214553099412,
1.9106160820631763,
1.9314828457546647,
1.9496577923275966,
1.964624307850038,
1.9761863958505939,
1.983818192618952,
1.9865319555010417,
1.9866312842653662,
1.987040070240789,
1.9873623986714442,
1.9876217923010635,
1.9877993243721321,
1.9879938525215026,
1.9881712803493912,
1.988326231919789,
1.9883464550853194,
1.9887100902953199,
1.988952202795044,
1.9894986113879918,
1.9896583004943011,
1.9900635735745884,
1.9903163234615324,
1.9905856793718137,
1.9908842633812711,
1.9912034141548076,
1.991464031380701,
1.9918567312508157,
1.9921452624832188,
1.9925571523837888,
1.9928446949594232,
1.993027903887818,
1.9933265708794512,
1.9936768075126372,
1.9939832443322933,
1.9943206779683849,
1.9945561359825363,
1.9949858038327917,
1.9953039079445483,
1.9955542933869992,
1.9956850115755813,
1.996162441315365,
1.9964636952044685,
1.9967860444107006,
1.9970372098396947,
1.997469401316376,
1.9976473155525352,
1.9981395489121023,
1.9983943988978716,
1.9986471971188422,
1.9990456943952317,
1.9993008599843571,
1.9994924495458077,
1.999882800222964,
2.0001426589626874,
2.000403028192665,
2.0006081667858657,
2.0008252625548497,
2.0010174857443825,
2.001550518800411,
2.0018607008832414,
2.0021446597934154,
2.002352048422754,
2.0026574939032233,
2.0029024835529388,
2.0032181405066036,
2.0034761707468647,
2.003588519644756,
2.0039598704531496,
2.004168696281492,
2.0045286157940763,
2.004729979137767,
2.0049225583673422,
2.00506101883065,
2.0052986374066397,
2.0055082116620033,
2.0057443853103156,
2.0059429905043507,
2.0061976676430273,
2.006283993491379,
2.0063422384156526,
2.0065615992776284,
2.0068418223048035,
2.006821715459286,
2.0070565361570845,
2.007242462272879,
2.0071964929198867,
2.007434706203323,
2.007547151654296,
2.0077250891654708,
2.0077767684670556,
2.0077967617276573,
2.0078263896515773,
2.0079472024846634,
2.008140621229002,
2.0082525168716105,
2.0083354637953477,
2.0083220206951142,
2.0082368898155134,
2.008190589432201,
2.0081515466741133,
2.007835231013376,
2.008236272184415,
2.008332803984762,
2.008310057453181,
2.0081814809169436,
2.008180494460711,
2.008108525555275,
2.0080453342405735,
2.008041741623583,
2.007993900749498,
2.007843513025271,
2.007783230798143,
2.0077120439730556,
2.007595365541006,
2.0073857223174105,
2.0073387041754756,
2.0072183028535497,
2.0070242891662793,
2.0068864821567676,
2.0067114933918404,
2.0066233720463016,
2.0064190564858913,
2.0062362766832633,
2.006070440579354,
2.0058674888175543,
2.005750016246853,
2.0056671206555285,
2.005405249303949,
2.005176276450657,
2.004891950755781,
2.004596764746637,
2.0044914116614,
2.0043501635784375,
2.0040148978264436,
2.0038963823754576,
2.003618974157485,
2.0033342734887776,
2.003011293615243,
2.002669663567227,
2.0022693589548024,
2.002045595675388,
2.0014419253889315,
2.0015176743631846,
2.001309937949473,
2.0010578737202205,
2.00078183581321,
2.0004750769261945,
2.0002522062206562,
2.0000037038164447,
1.9997550687993024,
1.9995062384764795,
1.9991362179611607,
1.9987013435938779,
1.9984251546963592,
1.9979665245146783,
1.9977978163994872,
1.997489146685683,
1.9970759994302063,
1.9968129524358538,
1.9964005810286778,
1.9960204826936176,
1.9958078982689924,
1.9955518450177914,
1.995198440704696,
1.9949784856800465,
1.994658765885974,
1.9943182848800243,
1.9939228279698138,
1.9936801609491765,
1.9933710281642814,
1.9930387174745083,
1.9927258876071012,
1.992377955627312,
1.9921216057345619,
1.991824619884985,
1.9915470386984817,
1.9911978253172562,
1.990841056894048,
1.990658642238849,
1.990457888700083,
1.9900846742281522,
1.9896833841603838,
1.989434391723667,
1.9891113160157132,
1.9887367692712654,
1.9885333866929145,
1.9882800828578266,
1.9880937908716116,
1.9879203577813886,
1.9876528593203764,
1.987379888567631,
1.9872099887728378,
1.9869368747871259,
1.9867117080492236,
1.9866275036515542,
1.983873773447377,
1.9759356998784632,
1.964520812480572,
1.9494503305356414,
1.9315717422082086,
1.9105069599355706,
1.8867910288098877,
1.8605716294493166,
1.8321979384980827,
1.8015176881393888,
1.7687545688165769,
1.7342364709145683,
1.6980277887815491,
1.6603009080960633,
1.621153730889101,
1.580748120802881,
1.5394589553171711,
1.4973246687465565,
1.4544289099537353,
1.4110449575828632,
1.3673857479769103,
1.3234355145242158,
1.279948317036835,
1.2368798736135935,
1.194431720247719,
1.1529379639724209,
1.1128301663854956,
1.0746434990787965,
1.0390855240767143,
1.0074140684161355,
0.9830406114336822,
1.0073959462485527,
1.0391633437154852,
1.0744908100464943,
1.1127821945953966,
1.1529565331794018,
1.194413173160595,
1.236758259385402,
1.2801006593197213,
1.3236886907374683,
1.3674641626299422,
1.4110452840692773,
1.454427706031415,
1.497324002026659,
1.5394471192802825,
1.5809695416787077,
1.6212866855081314,
1.660337464461543,
1.6979346552906744,
1.7341790900150933,
1.7688819126884219,
1.8014996626437756,
1.832179315221815,
1.8605974552632865,
1.8869214552983384,
1.9106160820619684,
1.9314828457579785,
1.9496577923258156,
1.9646243078500418,
1.9761863958511572,
1.983818192617078,
1.9865319555010466,
1.9866312842653713,
1.9870400702407935,
1.9873623986714493,
1.9876217923010682,
1.9877993243721364,
1.987993852521507,
1.9881712803493956,
1.9883262319197932,
1.9883464550853238,
1.9887100902953245,
1.9889522027950484,
1.9894986113879969,
1.9896583004943063,
1.9900635735745924,
1.9903163234615373,
1.9905856793718184,
1.9908842633812762,
1.9912034141548127,
1.991464031380706,
1.9918567312508204,
1.9921452624832232,
1.9925571523837933,
1.9928446949594274,
1.9930279038878231,
1.9933265708794556,
1.9936768075126416,
1.9939832443322985,
1.9943206779683893,
1.9945561359825414,
1.9949858038327961,
1.9953039079445531,
1.9955542933870039,
1.9956850115755858,
1.99616244131537,
1.9964636952044732,
1.9967860444107057,
1.9970372098396991,
1.9974694013163798,
1.9976473155525398,
1.9981395489121074,
1.9983943988978763,
1.9986471971188464,
1.9990456943952362,
1.9993008599843618,
1.9994924495458122,
1.9998828002229696,
2.000142658962692,
2.0004030281926695,
2.000608166785871,
2.000825262554854,
2.001017485744387,
2.001550518800416,
2.0018607008832463,
2.0021446597934194,
2.002352048422758,
2.002657493903228,
2.0029024835529436,
2.0032181405066076,
2.0034761707468682,
2.0035885196447607,
2.0039598704531545,
2.0041686962814964,
2.0045286157940807,
2.0047299791377715,
2.0049225583673467,
2.005061018830655,
2.005298637406644,
2.0055082116620078,
2.0057443853103205,
2.0059429905043555,
2.006197667643032,
2.006283993491384,
2.006342238415657,
2.006561599277633,
2.0068418223048083,
2.0068217154592904,
2.00705653615709,
2.0072424622728833,
2.007196492919892,
2.0074347062033278,
2.0075471516543004,
2.0077250891654757,
2.0077767684670604,
2.0077967617276617,
2.0078263896515818,
2.0079472024846696,
2.0081406212290065,
2.008252516871615,
2.008335463795352,
2.008322020695119,
2.008236889815518,
2.0081905894322056,
2.008151546674118,
2.0078352310133805,
2.008236272184415,
2.0083328039847617,
2.008310057453181,
2.0081814809169436,
2.008180494460711,
2.008108525555275,
2.0080453342405735,
2.0080417416235834,
2.007993900749498,
2.007843513025271,
2.007783230798143,
2.0077120439730556,
2.0075953655410057,
2.0073857223174105,
2.0073387041754756,
2.0072183028535497,
2.007024289166279,
2.006886482156767,
2.00671149339184,
2.0066233720463016,
2.006419056485891,
2.0062362766832633,
2.006070440579354,
2.0058674888175543,
2.005750016246853,
2.005667120655529,
2.005405249303949,
2.0051762764506575,
2.004891950755782,
2.0045967647466374,
2.0044914116614003,
2.0043501635784375,
2.0040148978264436,
2.0038963823754576,
2.0036189741574844,
2.003334273488778,
2.003011293615243,
2.002669663567227,
2.0022693589548024,
2.0020455956753884,
2.0014419253889315,
2.001517674363185,
2.0013099379494728,
2.0010578737202205,
2.00078183581321,
2.000475076926194,
2.0002522062206562,
2.0000037038164447,
1.9997550687993024,
1.999506238476479,
1.999136217961161,
1.9987013435938776,
1.9984251546963592,
1.9979665245146776,
1.9977978163994876,
1.997489146685683,
1.9970759994302063,
1.9968129524358533,
1.9964005810286778,
1.9960204826936176,
1.9958078982689924,
1.9955518450177914,
1.9951984407046963,
1.9949784856800465,
1.994658765885974,
1.9943182848800243,
1.9939228279698131,
1.9936801609491765,
1.9933710281642814,
1.9930387174745083,
1.9927258876071012,
1.9923779556273125,
1.9921216057345619,
1.991824619884985,
1.9915470386984815,
1.9911978253172562,
1.990841056894048,
1.990658642238849,
1.990457888700083,
1.9900846742281524,
1.9896833841603838,
1.9894343917236665,
1.989111316015713,
1.9887367692712652,
1.9885333866929151,
1.9882800828578266,
1.988093790871612,
1.9879203577813886,
1.9876528593203766,
1.987379888567631,
1.9872099887728378,
1.9869368747871259,
1.9867117080492236,
1.9866275036515542,
1.9838737734473773,
1.975935699871893,
1.964520812480572,
1.9494503305356414,
1.9315717421883085,
1.9105069598822535,
1.8867910288168575,
1.8605716294491674,
1.832197938464788,
1.8015176881393882,
1.7687545688165762,
1.7342364709094933,
1.6980277887811572,
1.6603009081165299,
1.6211537308706112,
1.580748120746855,
1.539458955327084,
1.4973246687176132,
1.4544289099663947,
1.4110449575661665,
1.3673857479896792,
1.3234355145202843,
1.2799483170448984,
1.2368798736262956,
1.1944317202435406,
1.152937963972501,
1.1128301663893618,
1.0746434990741625,
1.0390855240518369,
1.0074140684079858,
0.9830406114366518
]
},
{
"Class": "StringParameter",
"compute": "phoebe01",
"context": "model",
"copy_for": false,
"description": "User-provided comments for this model.  Feel free to place any notes here.",
"model": "latest",
"qualifier": "comments",
"uniqueid": "DnwsyUKZdOpcTqXYmDvoZnpXAjnvwk",
"value": ""
}
]